2022/04/19 07:08:04 - - - - - - - - - - - - - - -
2022/04/19 07:08:04 tubed daemon started
2022/04/19 07:08:04 frpc subprocess pid is 32020
2022/04/19 07:08:07 frpc subprocess stopped
2022/04/19 07:08:08 tubed daemon terminated
2022/04/19 07:10:53 - - - - - - - - - - - - - - -
2022/04/19 07:10:53 tubed daemon started
2022/04/19 07:10:53 fork/exec /usr/bin/frpc -c /etc/frp/frpc.ini: no such file or directory
2022/04/19 07:12:54 - - - - - - - - - - - - - - -
2022/04/19 07:12:54 tubed daemon started
2022/04/19 07:12:54 fork/exec /usr/bin/frpc -c /etc/frp/frpc.ini: no such file or directory
2022/04/19 07:15:14 - - - - - - - - - - - - - - -
2022/04/19 07:15:14 tubed daemon started
2022/04/19 07:15:14 fork/exec ls -al /usr/bin/: no such file or directory
2022/04/19 07:15:43 - - - - - - - - - - - - - - -
2022/04/19 07:15:43 tubed daemon started
2022/04/19 07:15:43 fork/exec ls -al /usr/bin/: no such file or directory
2022/04/19 07:15:57 - - - - - - - - - - - - - - -
2022/04/19 07:15:57 tubed daemon started
2022/04/19 07:15:57 fork/exec ls -al /etc/frp: no such file or directory
2022/04/19 07:16:19 - - - - - - - - - - - - - - -
2022/04/19 07:16:19 tubed daemon started
2022/04/19 07:16:19 frpc subprocess pid is 3543
/home/romain/tubed
2022/04/19 07:16:42 - - - - - - - - - - - - - - -
2022/04/19 07:16:42 tubed daemon started
2022/04/19 07:16:42 fork/exec ls /: no such file or directory
2022/04/19 07:23:15 - - - - - - - - - - - - - - -
2022/04/19 07:23:15 tubed daemon started
2022/04/19 07:23:15 frpc subprocess pid is 5283
/home/romain/tubed
2022/04/19 07:24:06 frpc subprocess stopped
2022/04/19 07:24:06 tubed daemon terminated
2022/04/19 07:24:16 - - - - - - - - - - - - - - -
2022/04/19 07:24:16 tubed daemon started
2022/04/19 07:24:16 fork/exec ls /etc/tubed: no such file or directory
2022/04/19 07:31:03 - - - - - - - - - - - - - - -
2022/04/19 07:31:03 tubed daemon started
2022/04/19 07:31:03 fork/exec /etc/frp/frpc: no such file or directory
2022/04/19 07:32:15 - - - - - - - - - - - - - - -
2022/04/19 07:32:15 tubed daemon started
2022/04/19 07:32:15 frpc subprocess pid is 7819
open ./frpc.ini: no such file or directory
2022/04/19 07:32:50 - - - - - - - - - - - - - - -
2022/04/19 07:32:50 tubed daemon started
2022/04/19 07:32:50 frpc subprocess pid is 8363
2022/04/19 07:33:41 frpc subprocess stopped
2022/04/19 07:33:42 tubed daemon terminated
2022/04/19 07:33:59 - - - - - - - - - - - - - - -
2022/04/19 07:33:59 tubed daemon started
2022/04/19 07:33:59 frpc subprocess pid is 8925
open  /etc/frp/frpc.ini: no such file or directory
2022/04/19 07:35:08 frpc subprocess stopped
2022/04/19 07:35:08 tubed daemon terminated
2022/04/19 07:35:22 - - - - - - - - - - - - - - -
2022/04/19 07:35:22 tubed daemon started
2022/04/19 07:35:22 frpc subprocess pid is 9609
2022/04/19 07:35:22 [1;34m[I] [service.go:325] [8189c52a5ed3c12d] login to server success, get run id [8189c52a5ed3c12d], server udp port [0][0m
2022/04/19 07:35:22 [1;34m[I] [proxy_manager.go:144] [8189c52a5ed3c12d] proxy added: [httpbin][0m
2022/04/19 07:35:22 [1;34m[I] [service.go:135] admin server listen on 127.0.0.1:7400[0m
2022/04/19 07:35:22 [1;34m[I] [control.go:181] [8189c52a5ed3c12d] [httpbin] start proxy success[0m
2022/04/19 07:37:28 frpc subprocess stopped
2022/04/19 07:37:29 tubed daemon terminated
2022/04/19 07:41:57 - - - - - - - - - - - - - - -
2022/04/19 07:41:57 tubed daemon started
2022/04/19 07:41:57 frpc subprocess pid is 11818
2022/04/19 07:41:58 [1;34m[I] [service.go:325] [1b4996ed55989152] login to server success, get run id [1b4996ed55989152], server udp port [0][0m
2022/04/19 07:41:58 [1;34m[I] [proxy_manager.go:144] [1b4996ed55989152] proxy added: [httpbin][0m
2022/04/19 07:41:58 [1;34m[I] [service.go:135] admin server listen on 127.0.0.1:7400[0m
2022/04/19 07:41:58 [1;34m[I] [control.go:181] [1b4996ed55989152] [httpbin] start proxy success[0m
2022/04/19 07:42:06 frpc subprocess stopped
2022/04/19 07:42:06 tubed daemon terminated
